mode: set
github.com/israjHaliri/go-hexagonal-service/pkg/listing/base_service.go:13.105,15.2 1 1
github.com/israjHaliri/go-hexagonal-service/pkg/listing/role_service.go:3.59,7.39 3 0
github.com/israjHaliri/go-hexagonal-service/pkg/listing/role_service.go:17.2,17.22 1 0
github.com/israjHaliri/go-hexagonal-service/pkg/listing/role_service.go:7.39,15.3 6 0
github.com/israjHaliri/go-hexagonal-service/pkg/listing/role_service.go:20.64,30.2 7 0
github.com/israjHaliri/go-hexagonal-service/pkg/listing/user_service.go:7.78,9.2 1 1
github.com/israjHaliri/go-hexagonal-service/pkg/listing/user_service.go:11.63,24.2 10 0
github.com/israjHaliri/go-hexagonal-service/pkg/listing/user_service.go:26.94,38.41 10 0
github.com/israjHaliri/go-hexagonal-service/pkg/listing/user_service.go:48.2,48.18 1 0
github.com/israjHaliri/go-hexagonal-service/pkg/listing/user_service.go:38.41,46.3 6 0
github.com/israjHaliri/go-hexagonal-service/pkg/storage/database/role_repository.go:16.56,18.2 1 1
github.com/israjHaliri/go-hexagonal-service/pkg/storage/database/role_repository.go:20.59,26.2 3 1
github.com/israjHaliri/go-hexagonal-service/pkg/storage/database/role_repository.go:28.55,36.2 4 1
github.com/israjHaliri/go-hexagonal-service/pkg/storage/database/role_repository.go:38.60,45.16 4 1
github.com/israjHaliri/go-hexagonal-service/pkg/storage/database/role_repository.go:49.2,49.18 1 1
github.com/israjHaliri/go-hexagonal-service/pkg/storage/database/role_repository.go:45.16,47.3 1 0
github.com/israjHaliri/go-hexagonal-service/pkg/storage/database/role_repository.go:52.61,58.2 3 1
github.com/israjHaliri/go-hexagonal-service/pkg/storage/database/role_repository.go:60.50,66.2 3 1
github.com/israjHaliri/go-hexagonal-service/pkg/storage/database/user_repository.go:19.56,21.2 1 1
github.com/israjHaliri/go-hexagonal-service/pkg/storage/database/user_repository.go:23.59,29.2 3 1
github.com/israjHaliri/go-hexagonal-service/pkg/storage/database/user_repository.go:31.74,45.2 4 1
github.com/israjHaliri/go-hexagonal-service/pkg/storage/database/user_repository.go:47.87,54.16 4 0
github.com/israjHaliri/go-hexagonal-service/pkg/storage/database/user_repository.go:58.2,58.18 1 0
github.com/israjHaliri/go-hexagonal-service/pkg/storage/database/user_repository.go:54.16,56.3 1 0
github.com/israjHaliri/go-hexagonal-service/pkg/storage/database/user_repository.go:61.60,68.16 4 1
github.com/israjHaliri/go-hexagonal-service/pkg/storage/database/user_repository.go:72.2,72.18 1 1
github.com/israjHaliri/go-hexagonal-service/pkg/storage/database/user_repository.go:68.16,70.3 1 0
github.com/israjHaliri/go-hexagonal-service/pkg/storage/database/user_repository.go:75.61,81.2 3 1
github.com/israjHaliri/go-hexagonal-service/pkg/storage/database/user_repository.go:83.93,89.2 3 0
github.com/israjHaliri/go-hexagonal-service/pkg/storage/database/user_repository.go:91.50,97.2 3 1
github.com/israjHaliri/go-hexagonal-service/pkg/saving/base_service.go:12.105,14.2 1 1
github.com/israjHaliri/go-hexagonal-service/pkg/saving/role_service.go:8.75,16.2 5 0
github.com/israjHaliri/go-hexagonal-service/pkg/saving/role_service.go:18.79,21.19 2 0
github.com/israjHaliri/go-hexagonal-service/pkg/saving/role_service.go:24.2,30.18 5 0
github.com/israjHaliri/go-hexagonal-service/pkg/saving/role_service.go:21.19,23.3 1 0
github.com/israjHaliri/go-hexagonal-service/pkg/saving/user_service.go:9.75,14.20 5 1
github.com/israjHaliri/go-hexagonal-service/pkg/saving/user_service.go:17.2,22.33 5 1
github.com/israjHaliri/go-hexagonal-service/pkg/saving/user_service.go:28.2,32.18 3 1
github.com/israjHaliri/go-hexagonal-service/pkg/saving/user_service.go:14.20,16.3 1 0
github.com/israjHaliri/go-hexagonal-service/pkg/saving/user_service.go:22.33,26.3 3 0
github.com/israjHaliri/go-hexagonal-service/pkg/saving/user_service.go:35.79,38.19 2 0
github.com/israjHaliri/go-hexagonal-service/pkg/saving/user_service.go:41.2,44.20 4 0
github.com/israjHaliri/go-hexagonal-service/pkg/saving/user_service.go:47.2,55.18 6 0
github.com/israjHaliri/go-hexagonal-service/pkg/saving/user_service.go:38.19,40.3 1 0
github.com/israjHaliri/go-hexagonal-service/pkg/saving/user_service.go:44.20,46.3 1 0
github.com/israjHaliri/go-hexagonal-service/pkg/saving/user_service.go:58.100,60.2 1 0
